<?xml version="1.0" encoding="UTF-8"?>
<testsuite name="TestDataClasses" tests="1" skipped="0" failures="0" errors="0" timestamp="2019-07-22T04:14:06" hostname="C02TT0AQFVH3" time="0.028">
  <properties/>
  <testcase name="testListOfPeople" classname="TestDataClasses" time="0.028"/>
  <system-out><![CDATA[]]></system-out>
  <system-err><![CDATA[]]></system-err>
</testsuite>
