<?xml version="1.0" encoding="UTF-8"?>
<testsuite name="TestNullableTypes" tests="5" skipped="0" failures="0" errors="0" timestamp="2019-07-23T03:31:03" hostname="C02TT0AQFVH3" time="0.019">
  <properties/>
  <testcase name="everythingIsOk" classname="TestNullableTypes" time="0.006"/>
  <testcase name="noClient" classname="TestNullableTypes" time="0.001"/>
  <testcase name="noMessage" classname="TestNullableTypes" time="0.001"/>
  <testcase name="noPersonalInfo" classname="TestNullableTypes" time="0.0"/>
  <testcase name="noEmail" classname="TestNullableTypes" time="0.003"/>
  <system-out><![CDATA[]]></system-out>
  <system-err><![CDATA[]]></system-err>
</testsuite>
