<?xml version="1.0" encoding="UTF-8"?>
<testsuite name="TestFunctions" tests="1" skipped="0" failures="0" errors="0" timestamp="2019-07-22T02:17:25" hostname="C02TT0AQFVH3" time="0.02">
  <properties/>
  <testcase name="collection" classname="TestFunctions" time="0.02"/>
  <system-out><![CDATA[]]></system-out>
  <system-err><![CDATA[]]></system-err>
</testsuite>
