<?xml version="1.0" encoding="UTF-8"?>
<testsuite name="TestExtensionsOnCollections" tests="1" skipped="0" failures="0" errors="0" timestamp="2019-07-24T02:37:57" hostname="C02TT0AQFVH3" time="0.033">
  <properties/>
  <testcase name="testSort" classname="TestExtensionsOnCollections" time="0.033"/>
  <system-out><![CDATA[]]></system-out>
  <system-err><![CDATA[]]></system-err>
</testsuite>
