<?xml version="1.0" encoding="UTF-8"?>
<testsuite name="TestComparison" tests="2" skipped="0" failures="0" errors="0" timestamp="2019-07-25T02:57:04" hostname="C02TT0AQFVH3" time="0.007">
  <properties/>
  <testcase name="testAfter" classname="TestComparison" time="0.006"/>
  <testcase name="testBefore" classname="TestComparison" time="0.0"/>
  <system-out><![CDATA[]]></system-out>
  <system-err><![CDATA[]]></system-err>
</testsuite>
