<?xml version="1.0" encoding="UTF-8"?>
<testsuite name="TestSamConversions" tests="1" skipped="0" failures="0" errors="0" timestamp="2019-07-24T02:02:35" hostname="C02TT0AQFVH3" time="0.047">
  <properties/>
  <testcase name="testSort" classname="TestSamConversions" time="0.047"/>
  <system-out><![CDATA[]]></system-out>
  <system-err><![CDATA[]]></system-err>
</testsuite>
