<?xml version="1.0" encoding="UTF-8"?>
<testsuite name="TestStart" tests="1" skipped="0" failures="0" errors="0" timestamp="2019-07-22T01:49:25" hostname="C02TT0AQFVH3" time="0.008">
  <properties/>
  <testcase name="testOk" classname="TestStart" time="0.008"/>
  <system-out><![CDATA[]]></system-out>
  <system-err><![CDATA[]]></system-err>
</testsuite>
