<?xml version="1.0" encoding="UTF-8"?>
<testsuite name="TestObjectExpressions" tests="1" skipped="0" failures="0" errors="0" timestamp="2019-07-24T02:01:27" hostname="C02TT0AQFVH3" time="0.028">
  <properties/>
  <testcase name="testSort" classname="TestObjectExpressions" time="0.028"/>
  <system-out><![CDATA[]]></system-out>
  <system-err><![CDATA[]]></system-err>
</testsuite>
