<?xml version="1.0" encoding="UTF-8"?>
<testsuite name="TestLambdas" tests="2" skipped="0" failures="0" errors="0" timestamp="2019-07-22T03:23:40" hostname="C02TT0AQFVH3" time="0.023">
  <properties/>
  <testcase name="contains" classname="TestLambdas" time="0.023"/>
  <testcase name="notContains" classname="TestLambdas" time="0.0"/>
  <system-out><![CDATA[]]></system-out>
  <system-err><![CDATA[]]></system-err>
</testsuite>
