<?xml version="1.0" encoding="UTF-8"?>
<testsuite name="TestExtensionFunctions" tests="2" skipped="0" failures="0" errors="0" timestamp="2019-07-24T01:41:15" hostname="C02TT0AQFVH3" time="0.014">
  <properties/>
  <testcase name="testPairExtension" classname="TestExtensionFunctions" time="0.011"/>
  <testcase name="testIntExtension" classname="TestExtensionFunctions" time="0.002"/>
  <system-out><![CDATA[]]></system-out>
  <system-err><![CDATA[]]></system-err>
</testsuite>
