<?xml version="1.0" encoding="UTF-8"?>
<testsuite name="TestRangeTo" tests="1" skipped="0" failures="0" errors="0" timestamp="2019-07-25T05:36:30" hostname="C02TT0AQFVH3" time="0.008">
  <properties/>
  <testcase name="testInRange" classname="TestRangeTo" time="0.008"/>
  <system-out><![CDATA[]]></system-out>
  <system-err><![CDATA[]]></system-err>
</testsuite>
